<?xml version="1.0" encoding="UTF-8"?>
<!-- Generated by org.testng.reporters.JUnitXMLReporter -->
<testsuite ignored="0" hostname="DESKTOP-84O2LCD" failures="0" tests="3" name="Default test" time="90.933" errors="0" timestamp="2022-09-23T18:26:17 CEST">
  <testcase classname="d20_09_2022_tests.AutomationPracticeTests" name="topMenuMouseOver" time="3.706"/>
  <testcase classname="d20_09_2022_tests.AutomationPracticeTests" name="phoneNumberVisibilityCheckOnResize" time="4.645"/>
  <testcase classname="d20_09_2022_tests.AutomationPracticeTests" name="headerLinksCheck" time="27.875"/>
</testsuite> <!-- Default test -->
