<?xml version="1.0" encoding="UTF-8"?>
<testng-results ignored="0" total="3" passed="3" failed="0" skipped="0">
  <reporter-output>
  </reporter-output>
  <suite started-at="2022-09-23T18:24:46 CEST" name="Default suite" finished-at="2022-09-23T18:26:17 CEST" duration-ms="90933">
    <groups>
    </groups>
    <test started-at="2022-09-23T18:24:46 CEST" name="Default test" finished-at="2022-09-23T18:26:17 CEST" duration-ms="90933">
      <class name="d20_09_2022_tests.AutomationPracticeTests">
        <test-method is-config="true" signature="setup()[pri:0, instance:d20_09_2022_tests.AutomationPracticeTests@59fd97a8]" started-at="2022-09-23T18:24:46 CEST" name="setup" finished-at="2022-09-23T18:24:49 CEST" duration-ms="3383" status="PASS">
          <reporter-output>
          </reporter-output>
        </test-method> <!-- setup -->
        <test-method is-config="true" signature="before()[pri:0, instance:d20_09_2022_tests.AutomationPracticeTests@59fd97a8]" started-at="2022-09-23T18:24:49 CEST" name="before" finished-at="2022-09-23T18:25:14 CEST" duration-ms="24270" status="PASS">
          <reporter-output>
          </reporter-output>
        </test-method> <!-- before -->
        <test-method signature="topMenuMouseOver()[pri:20, instance:d20_09_2022_tests.AutomationPracticeTests@59fd97a8]" started-at="2022-09-23T18:25:14 CEST" name="topMenuMouseOver" finished-at="2022-09-23T18:25:17 CEST" duration-ms="3706" status="PASS">
          <reporter-output>
          </reporter-output>
        </test-method> <!-- topMenuMouseOver -->
        <test-method is-config="true" signature="before()[pri:0, instance:d20_09_2022_tests.AutomationPracticeTests@59fd97a8]" started-at="2022-09-23T18:25:17 CEST" name="before" finished-at="2022-09-23T18:25:32 CEST" duration-ms="14939" status="PASS">
          <reporter-output>
          </reporter-output>
        </test-method> <!-- before -->
        <test-method signature="phoneNumberVisibilityCheckOnResize()[pri:30, instance:d20_09_2022_tests.AutomationPracticeTests@59fd97a8]" started-at="2022-09-23T18:25:32 CEST" name="phoneNumberVisibilityCheckOnResize" finished-at="2022-09-23T18:25:37 CEST" duration-ms="4645" status="PASS">
          <reporter-output>
          </reporter-output>
        </test-method> <!-- phoneNumberVisibilityCheckOnResize -->
        <test-method is-config="true" signature="before()[pri:0, instance:d20_09_2022_tests.AutomationPracticeTests@59fd97a8]" started-at="2022-09-23T18:25:37 CEST" name="before" finished-at="2022-09-23T18:25:49 CEST" duration-ms="11863" status="PASS">
          <reporter-output>
          </reporter-output>
        </test-method> <!-- before -->
        <test-method signature="headerLinksCheck()[pri:40, instance:d20_09_2022_tests.AutomationPracticeTests@59fd97a8]" started-at="2022-09-23T18:25:49 CEST" name="headerLinksCheck" finished-at="2022-09-23T18:26:17 CEST" duration-ms="27875" status="PASS">
          <reporter-output>
          </reporter-output>
        </test-method> <!-- headerLinksCheck -->
        <test-method is-config="true" signature="after()[pri:0, instance:d20_09_2022_tests.AutomationPracticeTests@59fd97a8]" started-at="2022-09-23T18:26:17 CEST" name="after" finished-at="2022-09-23T18:26:17 CEST" duration-ms="192" status="PASS">
          <reporter-output>
          </reporter-output>
        </test-method> <!-- after -->
      </class> <!-- d20_09_2022_tests.AutomationPracticeTests -->
    </test> <!-- Default test -->
  </suite> <!-- Default suite -->
</testng-results>
